# JRE version: Java(TM) SE Runtime Environment (7.0_51-b13) (build 1.7.0_51-b13)
# Java VM: Java HotSpot(TM) 64-Bit Server VM (24.51-b03 mixed mode windows-amd64 compressed oops)
Heap
 PSYoungGen      total 72704K, used 72275K [0x00000007d5600000, 0x00000007da200000, 0x0000000800000000)
  eden space 67584K, 99% used [0x00000007d5600000,0x00000007d979cdb8,0x00000007d9800000)
  from space 5120K, 99% used [0x00000007d9d00000,0x00000007da1f80b0,0x00000007da200000)
  to   space 5120K, 0% used [0x00000007d9800000,0x00000007d9800000,0x00000007d9d00000)
 ParOldGen       total 87040K, used 68927K [0x0000000780200000, 0x0000000785700000, 0x00000007d5600000)
  object space 87040K, 79% used [0x0000000780200000,0x000000078454ff98,0x0000000785700000)
 PSPermGen       total 21504K, used 19721K [0x000000077b000000, 0x000000077c500000, 0x0000000780200000)
  object space 21504K, 91% used [0x000000077b000000,0x000000077c342490,0x000000077c500000)
GC Heap History (8 events):
Event: 2.645 GC heap before
{Heap before GC invocations=1 (full 0):
 PSYoungGen      total 38912K, used 33792K [0x00000007d5600000, 0x00000007d8100000, 0x0000000800000000)
  eden space 33792K, 100% used [0x00000007d5600000,0x00000007d7700000,0x00000007d7700000)
  from space 5120K, 0% used [0x00000007d7c00000,0x00000007d7c00000,0x00000007d8100000)
  to   space 5120K, 0% used [0x00000007d7700000,0x00000007d7700000,0x00000007d7c00000)
 ParOldGen       total 87040K, used 0K [0x0000000780200000, 0x0000000785700000, 0x00000007d5600000)
  object space 87040K, 0% used [0x0000000780200000,0x0000000780200000,0x0000000785700000)
 PSPermGen       total 21504K, used 16480K [0x000000077b000000, 0x000000077c500000, 0x0000000780200000)
  object space 21504K, 76% used [0x000000077b000000,0x000000077c0182f8,0x000000077c500000)
Event: 2.658 GC heap after
Heap after GC invocations=1 (full 0):
 PSYoungGen      total 38912K, used 5106K [0x00000007d5600000, 0x00000007d8100000, 0x0000000800000000)
  eden space 33792K, 0% used [0x00000007d5600000,0x00000007d5600000,0x00000007d7700000)
  from space 5120K, 99% used [0x00000007d7700000,0x00000007d7bfca00,0x00000007d7c00000)
  to   space 5120K, 0% used [0x00000007d7c00000,0x00000007d7c00000,0x00000007d8100000)
 ParOldGen       total 87040K, used 13809K [0x0000000780200000, 0x0000000785700000, 0x00000007d5600000)
  object space 87040K, 15% used [0x0000000780200000,0x0000000780f7c718,0x0000000785700000)
 PSPermGen       total 21504K, used 16480K [0x000000077b000000, 0x000000077c500000, 0x0000000780200000)
  object space 21504K, 76% used [0x000000077b000000,0x000000077c0182f8,0x000000077c500000)
}
Event: 3.038 GC heap before
{Heap before GC invocations=2 (full 0):
 PSYoungGen      total 38912K, used 38898K [0x00000007d5600000, 0x00000007d8100000, 0x0000000800000000)
  eden space 33792K, 100% used [0x00000007d5600000,0x00000007d7700000,0x00000007d7700000)
  from space 5120K, 99% used [0x00000007d7700000,0x00000007d7bfca00,0x00000007d7c00000)
  to   space 5120K, 0% used [0x00000007d7c00000,0x00000007d7c00000,0x00000007d8100000)
 ParOldGen       total 87040K, used 41132K [0x0000000780200000, 0x0000000785700000, 0x00000007d5600000)
  object space 87040K, 47% used [0x0000000780200000,0x0000000782a2b0b0,0x0000000785700000)
 PSPermGen       total 21504K, used 16722K [0x000000077b000000, 0x000000077c500000, 0x0000000780200000)
  object space 21504K, 77% used [0x000000077b000000,0x000000077c054b50,0x000000077c500000)
Event: 3.047 GC heap after
Heap after GC invocations=2 (full 0):
 PSYoungGen      total 38912K, used 5097K [0x00000007d5600000, 0x00000007da200000, 0x0000000800000000)
  eden space 33792K, 0% used [0x00000007d5600000,0x00000007d5600000,0x00000007d7700000)
  from space 5120K, 99% used [0x00000007d7c00000,0x00000007d80fa668,0x00000007d8100000)
  to   space 5120K, 0% used [0x00000007d7700000,0x00000007d7700000,0x00000007d7c00000)
 ParOldGen       total 87040K, used 52486K [0x0000000780200000, 0x0000000785700000, 0x00000007d5600000)
  object space 87040K, 60% used [0x0000000780200000,0x0000000783541940,0x0000000785700000)
 PSPermGen       total 21504K, used 16722K [0x000000077b000000, 0x000000077c500000, 0x0000000780200000)
  object space 21504K, 77% used [0x000000077b000000,0x000000077c054b50,0x000000077c500000)
}
Event: 3.394 GC heap before
{Heap before GC invocations=3 (full 0):
 PSYoungGen      total 38912K, used 38889K [0x00000007d5600000, 0x00000007da200000, 0x0000000800000000)
  eden space 33792K, 100% used [0x00000007d5600000,0x00000007d7700000,0x00000007d7700000)
  from space 5120K, 99% used [0x00000007d7c00000,0x00000007d80fa668,0x00000007d8100000)
  to   space 5120K, 0% used [0x00000007d7700000,0x00000007d7700000,0x00000007d7c00000)
 ParOldGen       total 87040K, used 52486K [0x0000000780200000, 0x0000000785700000, 0x00000007d5600000)
  object space 87040K, 60% used [0x0000000780200000,0x0000000783541940,0x0000000785700000)
 PSPermGen       total 21504K, used 16821K [0x000000077b000000, 0x000000077c500000, 0x0000000780200000)
  object space 21504K, 78% used [0x000000077b000000,0x000000077c06d5b0,0x000000077c500000)
Event: 3.399 GC heap after
Heap after GC invocations=3 (full 0):
 PSYoungGen      total 38912K, used 4825K [0x00000007d5600000, 0x00000007da200000, 0x0000000800000000)
  eden space 33792K, 0% used [0x00000007d5600000,0x00000007d5600000,0x00000007d7700000)
  from space 5120K, 94% used [0x00000007d7700000,0x00000007d7bb6658,0x00000007d7c00000)
  to   space 5120K, 0% used [0x00000007d9d00000,0x00000007d9d00000,0x00000007da200000)
 ParOldGen       total 87040K, used 58630K [0x0000000780200000, 0x0000000785700000, 0x00000007d5600000)
  object space 87040K, 67% used [0x0000000780200000,0x0000000783b41960,0x0000000785700000)
 PSPermGen       total 21504K, used 16821K [0x000000077b000000, 0x000000077c500000, 0x0000000780200000)
  object space 21504K, 78% used [0x000000077b000000,0x000000077c06d5b0,0x000000077c500000)
}
Event: 4.563 GC heap before
{Heap before GC invocations=4 (full 0):
 PSYoungGen      total 38912K, used 38617K [0x00000007d5600000, 0x00000007da200000, 0x0000000800000000)
  eden space 33792K, 100% used [0x00000007d5600000,0x00000007d7700000,0x00000007d7700000)
  from space 5120K, 94% used [0x00000007d7700000,0x00000007d7bb6658,0x00000007d7c00000)
  to   space 5120K, 0% used [0x00000007d9d00000,0x00000007d9d00000,0x00000007da200000)
 ParOldGen       total 87040K, used 58630K [0x0000000780200000, 0x0000000785700000, 0x00000007d5600000)
  object space 87040K, 67% used [0x0000000780200000,0x0000000783b41960,0x0000000785700000)
 PSPermGen       total 21504K, used 19359K [0x000000077b000000, 0x000000077c500000, 0x0000000780200000)
  object space 21504K, 90% used [0x000000077b000000,0x000000077c2e7d10,0x000000077c500000)
Event: 4.578 GC heap after
Heap after GC invocations=4 (full 0):
 PSYoungGen      total 72704K, used 5088K [0x00000007d5600000, 0x00000007da200000, 0x0000000800000000)
  eden space 67584K, 0% used [0x00000007d5600000,0x00000007d5600000,0x00000007d9800000)
  from space 5120K, 99% used [0x00000007d9d00000,0x00000007da1f80b0,0x00000007da200000)
  to   space 5120K, 0% used [0x00000007d9800000,0x00000007d9800000,0x00000007d9d00000)
 ParOldGen       total 87040K, used 68927K [0x0000000780200000, 0x0000000785700000, 0x00000007d5600000)
  object space 87040K, 79% used [0x0000000780200000,0x000000078454ff98,0x0000000785700000)
 PSPermGen       total 21504K, used 19359K [0x000000077b000000, 0x000000077c500000, 0x0000000780200000)
  object space 21504K, 90% used [0x000000077b000000,0x000000077c2e7d10,0x000000077c500000)
}

